This is pdfTeX, Version 3.14159265-2.6-1.40.18 (MiKTeX 2.9.6350 64-bit) (preloaded format=pdflatex 2018.1.15)  29 JAN 2018 18:41
entering extended mode
**./faces.tex
(faces.tex
LaTeX2e <2017-04-15>
Babel <3.10> and hyphenation patterns for 75 language(s) loaded.
("D:\Program Files\MiKTeX 2.9\tex\latex\base\article.cls"
Document Class: article 2014/09/29 v1.4h Standard LaTeX document class
("D:\Program Files\MiKTeX 2.9\tex\latex\base\size10.clo"
File: size10.clo 2014/09/29 v1.4h Standard LaTeX file (size option)
)
\c@part=\count79
\c@section=\count80
\c@subsection=\count81
\c@subsubsection=\count82
\c@paragraph=\count83
\c@subparagraph=\count84
\c@figure=\count85
\c@table=\count86
\abovecaptionskip=\skip41
\belowcaptionskip=\skip42
\bibindent=\dimen102
)
(C:\Users\Admin\AppData\Roaming\MiKTeX\2.9\tex\latex\fancyhdr\fancyhdr.sty
Package: fancyhdr 2017/06/30 v3.9a Extensive control of page headers and footer
s
\f@nch@headwidth=\skip43
\f@nch@O@elh=\skip44
\f@nch@O@erh=\skip45
\f@nch@O@olh=\skip46
\f@nch@O@orh=\skip47
\f@nch@O@elf=\skip48
\f@nch@O@erf=\skip49
\f@nch@O@olf=\skip50
\f@nch@O@orf=\skip51
)
(C:\Users\Admin\AppData\Roaming\MiKTeX\2.9\tex\latex\lastpage\lastpage.sty
Package: lastpage 2015/03/29 v1.2m Refers to last page's name (HMM; JPG)
)
(C:\Users\Admin\AppData\Roaming\MiKTeX\2.9\tex\latex\fancyhdr\extramarks.sty
Package: extramarks 2017/06/30 v3.9a Extra marks for LaTeX
\@temptokenb=\toks14
)
("D:\Program Files\MiKTeX 2.9\tex\latex\graphics\color.sty"
Package: color 2016/07/10 v1.1e Standard LaTeX Color (DPC)

("D:\Program Files\MiKTeX 2.9\tex\latex\graphics-cfg\color.cfg"
File: color.cfg 2016/01/02 v1.6 sample color configuration
)
Package color Info: Driver file: pdftex.def on input line 147.

("D:\Program Files\MiKTeX 2.9\tex\latex\graphics-def\pdftex.def"
File: pdftex.def 2017/01/12 v0.06k Graphics/color for pdfTeX

("D:\Program Files\MiKTeX 2.9\tex\generic\oberdiek\infwarerr.sty"
Package: infwarerr 2016/05/16 v1.4 Providing info/warning/error messages (HO)
)
("D:\Program Files\MiKTeX 2.9\tex\generic\oberdiek\ltxcmds.sty"
Package: ltxcmds 2016/05/16 v1.23 LaTeX kernel commands for general use (HO)
)
\Gread@gobject=\count87
)
("D:\Program Files\MiKTeX 2.9\tex\latex\graphics\dvipsnam.def"
File: dvipsnam.def 2016/06/17 v3.0m Driver-dependent file (DPC,SPQR)
))
("D:\Program Files\MiKTeX 2.9\tex\latex\graphics\graphicx.sty"
Package: graphicx 2014/10/28 v1.0g Enhanced LaTeX Graphics (DPC,SPQR)

("D:\Program Files\MiKTeX 2.9\tex\latex\graphics\keyval.sty"
Package: keyval 2014/10/28 v1.15 key=value parser (DPC)
\KV@toks@=\toks15
)
("D:\Program Files\MiKTeX 2.9\tex\latex\graphics\graphics.sty"
Package: graphics 2017/04/14 v1.1b Standard LaTeX Graphics (DPC,SPQR)

("D:\Program Files\MiKTeX 2.9\tex\latex\graphics\trig.sty"
Package: trig 2016/01/03 v1.10 sin cos tan (DPC)
)
("D:\Program Files\MiKTeX 2.9\tex\latex\graphics-cfg\graphics.cfg"
File: graphics.cfg 2016/06/04 v1.11 sample graphics configuration
)
Package graphics Info: Driver file: pdftex.def on input line 99.
)
\Gin@req@height=\dimen103
\Gin@req@width=\dimen104
)
(C:\Users\Admin\AppData\Roaming\MiKTeX\2.9\tex\latex\caption\subcaption.sty
Package: subcaption 2016/05/22 v1.1-161 Sub-captions (AR)

(C:\Users\Admin\AppData\Roaming\MiKTeX\2.9\tex\latex\caption\caption.sty
Package: caption 2016/02/21 v3.3-144 Customizing captions (AR)

(C:\Users\Admin\AppData\Roaming\MiKTeX\2.9\tex\latex\caption\caption3.sty
Package: caption3 2016/05/22 v1.7-166 caption3 kernel (AR)
Package caption3 Info: TeX engine: e-TeX on input line 67.
\captionmargin=\dimen105
\captionmargin@=\dimen106
\captionwidth=\dimen107
\caption@tempdima=\dimen108
\caption@indent=\dimen109
\caption@parindent=\dimen110
\caption@hangindent=\dimen111
)
\c@ContinuedFloat=\count88
)
\c@subfigure=\count89
\c@subtable=\count90
)
(C:\Users\Admin\AppData\Roaming\MiKTeX\2.9\tex\latex\listings\listings.sty
\lst@mode=\count91
\lst@gtempboxa=\box26
\lst@token=\toks16
\lst@length=\count92
\lst@currlwidth=\dimen112
\lst@column=\count93
\lst@pos=\count94
\lst@lostspace=\dimen113
\lst@width=\dimen114
\lst@newlines=\count95
\lst@lineno=\count96
\lst@maxwidth=\dimen115

(C:\Users\Admin\AppData\Roaming\MiKTeX\2.9\tex\latex\listings\lstmisc.sty
File: lstmisc.sty 2015/06/04 1.6 (Carsten Heinz)
\c@lstnumber=\count97
\lst@skipnumbers=\count98
\lst@framebox=\box27
)
(C:\Users\Admin\AppData\Roaming\MiKTeX\2.9\tex\latex\listings\listings.cfg
File: listings.cfg 2015/06/04 1.6 listings configuration
))
Package: listings 2015/06/04 1.6 (Carsten Heinz)

("D:\Program Files\MiKTeX 2.9\tex\latex\psnfss\courier.sty"
Package: courier 2005/04/12 PSNFSS-v9.2a (WaS) 
)
(C:\Users\Admin\AppData\Roaming\MiKTeX\2.9\tex\latex\lipsum\lipsum.sty
Package: lipsum 2014/07/27 v1.3 150 paragraphs of Lorem Ipsum dummy text
\c@lips@count=\count99
)
("D:\Program Files\MiKTeX 2.9\tex\latex\tools\enumerate.sty"
Package: enumerate 2015/07/23 v3.00 enumerate extensions (DPC)
\@enLab=\toks17
)
("D:\Program Files\MiKTeX 2.9\tex\latex\amsfonts\amssymb.sty"
Package: amssymb 2013/01/14 v3.01 AMS font symbols

("D:\Program Files\MiKTeX 2.9\tex\latex\amsfonts\amsfonts.sty"
Package: amsfonts 2013/01/14 v3.01 Basic AMSFonts support
\@emptytoks=\toks18
\symAMSa=\mathgroup4
\symAMSb=\mathgroup5
LaTeX Font Info:    Overwriting math alphabet `\mathfrak' in version `bold'
(Font)                  U/euf/m/n --> U/euf/b/n on input line 106.
))
("D:\Program Files\MiKTeX 2.9\tex\latex\amsmath\amsmath.sty"
Package: amsmath 2016/11/05 v2.16a AMS math features
\@mathmargin=\skip52

For additional information on amsmath, use the `?' option.
("D:\Program Files\MiKTeX 2.9\tex\latex\amsmath\amstext.sty"
Package: amstext 2000/06/29 v2.01 AMS text

("D:\Program Files\MiKTeX 2.9\tex\latex\amsmath\amsgen.sty"
File: amsgen.sty 1999/11/30 v2.0 generic functions
\@emptytoks=\toks19
\ex@=\dimen116
))
("D:\Program Files\MiKTeX 2.9\tex\latex\amsmath\amsbsy.sty"
Package: amsbsy 1999/11/29 v1.2d Bold Symbols
\pmbraise@=\dimen117
)
("D:\Program Files\MiKTeX 2.9\tex\latex\amsmath\amsopn.sty"
Package: amsopn 2016/03/08 v2.02 operator names
)
\inf@bad=\count100
LaTeX Info: Redefining \frac on input line 213.
\uproot@=\count101
\leftroot@=\count102
LaTeX Info: Redefining \overline on input line 375.
\classnum@=\count103
\DOTSCASE@=\count104
LaTeX Info: Redefining \ldots on input line 472.
LaTeX Info: Redefining \dots on input line 475.
LaTeX Info: Redefining \cdots on input line 596.
\Mathstrutbox@=\box28
\strutbox@=\box29
\big@size=\dimen118
LaTeX Font Info:    Redeclaring font encoding OML on input line 712.
LaTeX Font Info:    Redeclaring font encoding OMS on input line 713.
\macc@depth=\count105
\c@MaxMatrixCols=\count106
\dotsspace@=\muskip10
\c@parentequation=\count107
\dspbrk@lvl=\count108
\tag@help=\toks20
\row@=\count109
\column@=\count110
\maxfields@=\count111
\andhelp@=\toks21
\eqnshift@=\dimen119
\alignsep@=\dimen120
\tagshift@=\dimen121
\tagwidth@=\dimen122
\totwidth@=\dimen123
\lineht@=\dimen124
\@envbody=\toks22
\multlinegap=\skip53
\multlinetaggap=\skip54
\mathdisplay@stack=\toks23
LaTeX Info: Redefining \[ on input line 2817.
LaTeX Info: Redefining \] on input line 2818.
)
(C:\Users\Admin\AppData\Roaming\MiKTeX\2.9\tex\latex\listings\lstlang1.sty
File: lstlang1.sty 2015/06/04 1.6 listings language file
)
\c@homeworkProblemCounter=\count112

(faces.aux)
\openout1 = `faces.aux'.

LaTeX Font Info:    Checking defaults for OML/cmm/m/it on input line 165.
LaTeX Font Info:    ... okay on input line 165.
LaTeX Font Info:    Checking defaults for T1/cmr/m/n on input line 165.
LaTeX Font Info:    ... okay on input line 165.
LaTeX Font Info:    Checking defaults for OT1/cmr/m/n on input line 165.
LaTeX Font Info:    ... okay on input line 165.
LaTeX Font Info:    Checking defaults for OMS/cmsy/m/n on input line 165.
LaTeX Font Info:    ... okay on input line 165.
LaTeX Font Info:    Checking defaults for OMX/cmex/m/n on input line 165.
LaTeX Font Info:    ... okay on input line 165.
LaTeX Font Info:    Checking defaults for U/cmr/m/n on input line 165.
LaTeX Font Info:    ... okay on input line 165.
Package lastpage Info: Please have a look at the pageslts package at
(lastpage)             https://www.ctan.org/pkg/pageslts
(lastpage)             ! on input line 165.

(C:\Users\Admin\AppData\Roaming\MiKTeX\2.9\tex\context\base\supp-pdf.mkii
[Loading MPS to PDF converter (version 2006.09.02).]
\scratchcounter=\count113
\scratchdimen=\dimen125
\scratchbox=\box30
\nofMPsegments=\count114
\nofMParguments=\count115
\everyMPshowfont=\toks24
\MPscratchCnt=\count116
\MPscratchDim=\dimen126
\MPnumerator=\count117
\makeMPintoPDFobject=\count118
\everyMPtoPDFconversion=\toks25
) ("D:\Program Files\MiKTeX 2.9\tex\generic\oberdiek\pdftexcmds.sty"
Package: pdftexcmds 2017/03/19 v0.25 Utility functions of pdfTeX for LuaTeX (HO
)

("D:\Program Files\MiKTeX 2.9\tex\generic\oberdiek\ifluatex.sty"
Package: ifluatex 2016/05/16 v1.4 Provides the ifluatex switch (HO)
Package ifluatex Info: LuaTeX not detected.
)
("D:\Program Files\MiKTeX 2.9\tex\generic\oberdiek\ifpdf.sty"
Package: ifpdf 2017/03/15 v3.2 Provides the ifpdf switch
)
Package pdftexcmds Info: LuaTeX not detected.
Package pdftexcmds Info: \pdf@primitive is available.
Package pdftexcmds Info: \pdf@ifprimitive is available.
Package pdftexcmds Info: \pdfdraftmode found.
)
("D:\Program Files\MiKTeX 2.9\tex\latex\oberdiek\epstopdf-base.sty"
Package: epstopdf-base 2016/05/15 v2.6 Base part for package epstopdf

("D:\Program Files\MiKTeX 2.9\tex\latex\oberdiek\grfext.sty"
Package: grfext 2016/05/16 v1.2 Manage graphics extensions (HO)

("D:\Program Files\MiKTeX 2.9\tex\generic\oberdiek\kvdefinekeys.sty"
Package: kvdefinekeys 2016/05/16 v1.4 Define keys (HO)
))
("D:\Program Files\MiKTeX 2.9\tex\latex\oberdiek\kvoptions.sty"
Package: kvoptions 2016/05/16 v3.12 Key value format for package options (HO)

("D:\Program Files\MiKTeX 2.9\tex\generic\oberdiek\kvsetkeys.sty"
Package: kvsetkeys 2016/05/16 v1.17 Key value parser (HO)

("D:\Program Files\MiKTeX 2.9\tex\generic\oberdiek\etexcmds.sty"
Package: etexcmds 2016/05/16 v1.6 Avoid name clashes with e-TeX commands (HO)
Package etexcmds Info: Could not find \expanded.
(etexcmds)             That can mean that you are not using pdfTeX 1.50 or
(etexcmds)             that some package has redefined \expanded.
(etexcmds)             In the latter case, load this package earlier.
)))
Package epstopdf-base Info: Redefining graphics rule for `.eps' on input line 4
38.
Package grfext Info: Graphics extension search list:
(grfext)             [.png,.pdf,.jpg,.mps,.jpeg,.jbig2,.jb2,.PNG,.PDF,.JPG,.JPE
G,.JBIG2,.JB2,.eps]
(grfext)             \AppendGraphicsExtensions on input line 456.
)
Package caption Info: Begin \AtBeginDocument code.
Package caption Info: listings package is loaded.
Package caption Info: End \AtBeginDocument code.
\c@lstlisting=\count119
LaTeX Font Info:    Try loading font information for U+msa on input line 167.

("D:\Program Files\MiKTeX 2.9\tex\latex\amsfonts\umsa.fd"
File: umsa.fd 2013/01/14 v3.01 AMS symbols A
)
LaTeX Font Info:    Try loading font information for U+msb on input line 167.

("D:\Program Files\MiKTeX 2.9\tex\latex\amsfonts\umsb.fd"
File: umsb.fd 2013/01/14 v3.01 AMS symbols B
) [1

{C:/ProgramData/MiKTeX/2.9/pdftex/config/pdftex.map}]
Underfull \hbox (badness 10000) in paragraph at lines 174--181

 []


Underfull \hbox (badness 10000) in paragraph at lines 174--181

 []

LaTeX Font Info:    Try loading font information for OMS+cmr on input line 182.

("D:\Program Files\MiKTeX 2.9\tex\latex\base\omscmr.fd"
File: omscmr.fd 2014/09/29 v2.5h Standard LaTeX font definitions
)
LaTeX Font Info:    Font shape `OMS/cmr/m/n' in size <10> not available
(Font)              Font shape `OMS/cmsy/m/n' tried instead on input line 182.
 [2


]
<Images/p1_carell260_uncropped.png, id=15, 820.06375pt x 1226.5825pt>
File: Images/p1_carell260_uncropped.png Graphic file (type png)

<use Images/p1_carell260_uncropped.png>
Package pdftex.def Info: Images/p1_carell260_uncropped.png used on input line 2
05.
(pdftex.def)             Requested size: 70.46037pt x 105.37173pt.

<Images/p1_carell260_cropped.png, id=17, 32.12pt x 32.12pt>
File: Images/p1_carell260_cropped.png Graphic file (type png)

<use Images/p1_carell260_cropped.png>
Package pdftex.def Info: Images/p1_carell260_cropped.png used on input line 210
.
(pdftex.def)             Requested size: 70.46037pt x 70.46617pt.

<Images/p1_ferrera171_uncropped.png, id=18, 361.35pt x 451.6875pt>
File: Images/p1_ferrera171_uncropped.png Graphic file (type png)

<use Images/p1_ferrera171_uncropped.png>
Package pdftex.def Info: Images/p1_ferrera171_uncropped.png used on input line 
215.
(pdftex.def)             Requested size: 70.46037pt x 88.07526pt.

<Images/p1_ferrera171_cropped.png, id=19, 32.12pt x 32.12pt>
File: Images/p1_ferrera171_cropped.png Graphic file (type png)

<use Images/p1_ferrera171_cropped.png>
Package pdftex.def Info: Images/p1_ferrera171_cropped.png used on input line 22
0.
(pdftex.def)             Requested size: 70.46037pt x 70.46617pt.

<Images/p1_hader164_uncropped.png, id=20, 668.4975pt x 1003.75pt>
File: Images/p1_hader164_uncropped.png Graphic file (type png)

<use Images/p1_hader164_uncropped.png>
Package pdftex.def Info: Images/p1_hader164_uncropped.png used on input line 22
5.
(pdftex.def)             Requested size: 70.46037pt x 105.78741pt.

<Images/p1_hader164_cropped.png, id=21, 32.12pt x 32.12pt>
File: Images/p1_hader164_cropped.png Graphic file (type png)

<use Images/p1_hader164_cropped.png>
Package pdftex.def Info: Images/p1_hader164_cropped.png used on input line 230.

(pdftex.def)             Requested size: 70.46037pt x 70.46617pt.
LaTeX Font Info:    Try loading font information for OT1+pcr on input line 240.


("D:\Program Files\MiKTeX 2.9\tex\latex\psnfss\ot1pcr.fd"
File: ot1pcr.fd 2001/06/04 font definitions for OT1/pcr.
)
Underfull \hbox (badness 10000) in paragraph at lines 237--241

 []

<Images/p1_bad1.jpg, id=22, 1110.0672pt x 738.5994pt>
File: Images/p1_bad1.jpg Graphic file (type jpg)
 <use Images/p1_bad1.jpg>
Package pdftex.def Info: Images/p1_bad1.jpg used on input line 245.
(pdftex.def)             Requested size: 70.44614pt x 56.90276pt.

Underfull \hbox (badness 10000) in paragraph at lines 245--247
[][]
 []

<Images/p1_bad2.jpg, id=23, 572.1375pt x 858.20625pt>
File: Images/p1_bad2.jpg Graphic file (type jpg)
 <use Images/p1_bad2.jpg>
Package pdftex.def Info: Images/p1_bad2.jpg used on input line 250.
(pdftex.def)             Requested size: 70.46066pt x 56.89845pt.

<Images/p1_bad3.jpg, id=24, 32.12pt x 32.12pt>
File: Images/p1_bad3.jpg Graphic file (type jpg)
 <use Images/p1_bad3.jpg>
Package pdftex.def Info: Images/p1_bad3.jpg used on input line 255.
(pdftex.def)             Requested size: 70.46617pt x 56.91019pt.

[3

 <./Images/p1_carell260_uncropped.png> <./Images/p1_carell260_cropped.png> <./I
mages/p1_ferrera171_uncropped.png> <./Images/p1_ferrera171_cropped.png> <./Imag
es/p1_hader164_uncropped.png> <./Images/p1_hader164_cropped.png> <./Images/p1_b
ad1.jpg> <./Images/p1_bad2.jpg> <./Images/p1_bad3.jpg>]
(C:\Users\Admin\AppData\Roaming\MiKTeX\2.9\tex\latex\listings\lstlang1.sty
File: lstlang1.sty 2015/06/04 1.6 listings language file
)
(C:\Users\Admin\AppData\Roaming\MiKTeX\2.9\tex\latex\listings\lstlang2.sty
File: lstlang2.sty 2015/06/04 1.6 listings language file
)
(C:\Users\Admin\AppData\Roaming\MiKTeX\2.9\tex\latex\listings\lstlang3.sty
File: lstlang3.sty 2015/06/04 1.6 listings language file
)
(C:\Users\Admin\AppData\Roaming\MiKTeX\2.9\tex\latex\listings\lstlang1.sty
File: lstlang1.sty 2015/06/04 1.6 listings language file
)
(C:\Users\Admin\AppData\Roaming\MiKTeX\2.9\tex\latex\listings\lstlang2.sty
File: lstlang2.sty 2015/06/04 1.6 listings language file
)
(C:\Users\Admin\AppData\Roaming\MiKTeX\2.9\tex\latex\listings\lstlang3.sty
File: lstlang3.sty 2015/06/04 1.6 listings language file
)
(C:\Users\Admin\AppData\Roaming\MiKTeX\2.9\tex\latex\listings\lstlang1.sty
File: lstlang1.sty 2015/06/04 1.6 listings language file
)
(C:\Users\Admin\AppData\Roaming\MiKTeX\2.9\tex\latex\listings\lstlang2.sty
File: lstlang2.sty 2015/06/04 1.6 listings language file
)
(C:\Users\Admin\AppData\Roaming\MiKTeX\2.9\tex\latex\listings\lstlang3.sty
File: lstlang3.sty 2015/06/04 1.6 listings language file
)
(C:\Users\Admin\AppData\Roaming\MiKTeX\2.9\tex\latex\listings\lstmisc.sty
File: lstmisc.sty 2015/06/04 1.6 (Carsten Heinz)
)
Underfull \hbox (badness 10000) in paragraph at lines 264--268

 []

[4

]
LaTeX Font Info:    Try loading font information for T1+pcr on input line 321.
 ("D:\Program Files\MiKTeX 2.9\tex\latex\psnfss\t1pcr.fd"
File: t1pcr.fd 2001/06/04 font definitions for T1/pcr.
)
Underfull \hbox (badness 10000) in paragraph at lines 336--340

 []

[5

] [6] <Images/p4_a_thetas_full_set.jpg, id=53, 462.528pt x 346.896pt>
File: Images/p4_a_thetas_full_set.jpg Graphic file (type jpg)

<use Images/p4_a_thetas_full_set.jpg>
Package pdftex.def Info: Images/p4_a_thetas_full_set.jpg used on input line 350
.
(pdftex.def)             Requested size: 187.89912pt x 140.92615pt.

<Images/p4_a_thetas_2_actor_images.jpg, id=54, 462.528pt x 346.896pt>
File: Images/p4_a_thetas_2_actor_images.jpg Graphic file (type jpg)

<use Images/p4_a_thetas_2_actor_images.jpg>
Package pdftex.def Info: Images/p4_a_thetas_2_actor_images.jpg used on input li
ne 355.
(pdftex.def)             Requested size: 187.89912pt x 140.92615pt.

<Images/p4_b_thetas_no_face.jpg, id=55, 462.528pt x 346.896pt>
File: Images/p4_b_thetas_no_face.jpg Graphic file (type jpg)

<use Images/p4_b_thetas_no_face.jpg>
Package pdftex.def Info: Images/p4_b_thetas_no_face.jpg used on input line 369.

(pdftex.def)             Requested size: 187.89912pt x 140.92615pt.

<Images/p4_b_thetas_face.jpg, id=56, 462.528pt x 346.896pt>
File: Images/p4_b_thetas_face.jpg Graphic file (type jpg)

<use Images/p4_b_thetas_face.jpg>
Package pdftex.def Info: Images/p4_b_thetas_face.jpg used on input line 374.
(pdftex.def)             Requested size: 187.89912pt x 140.92615pt.
 [7

 <./Images/p4_a_thetas_full_set.jpg> <./Images/p4_a_thetas_2_actor_images.jpg> 
<./Images/p4_b_thetas_no_face.jpg> <./Images/p4_b_thetas_face.jpg>]
Underfull \hbox (badness 10000) in paragraph at lines 384--391

 []


Underfull \hbox (badness 10000) in paragraph at lines 384--391

 []

<Images/p5_correct_percent.jpg, id=61, 462.528pt x 346.896pt>
File: Images/p5_correct_percent.jpg Graphic file (type jpg)

<use Images/p5_correct_percent.jpg>
Package pdftex.def Info: Images/p5_correct_percent.jpg used on input line 395.
(pdftex.def)             Requested size: 211.3883pt x 158.54192pt.

<Images/p5_cost.jpg, id=62, 462.528pt x 346.896pt>
File: Images/p5_cost.jpg Graphic file (type jpg)
 <use Images/p5_cost.jpg>
Package pdftex.def Info: Images/p5_cost.jpg used on input line 400.
(pdftex.def)             Requested size: 211.3883pt x 158.54192pt.

[8

 <./Images/p5_correct_percent.jpg> <./Images/p5_cost.jpg>] [9] [10

]
Underfull \hbox (badness 10000) in paragraph at lines 502--504

 []

[11] [12]
Underfull \hbox (badness 10000) in paragraph at lines 632--633
[][][][][][][][][][][][][][][][][][][][][][][][][][][][][][][][][][][][][][][][
][][]
 []


Underfull \hbox (badness 10000) in paragraph at lines 633--634
[][][][][][][][][][][][][][][][][][][][][][][][][][][][][][][][][][][][][][][][
][][]
 []


Underfull \hbox (badness 10000) in paragraph at lines 634--635
[][][][][][][][][][][][][][][][][][][][][][][][][][][][][][][][][][][][][][][][
][][]
 []


Underfull \hbox (badness 10000) in paragraph at lines 635--636
[][][][][][][][][][][][][][][][][][][][][][][][][][][][][][][][][][][][][][][][
][][]
 []


Underfull \hbox (badness 10000) in paragraph at lines 636--637
[][][][][][][][][][][][][][][][][][][][][][][][][][][][][][][][][][][][][][][][
][][]
 []

[13

] [14] [15]
Underfull \hbox (badness 10000) in paragraph at lines 716--720

 []

[16

] <Images/p8_baldwin.jpg, id=93, 462.528pt x 346.896pt>
File: Images/p8_baldwin.jpg Graphic file (type jpg)

<use Images/p8_baldwin.jpg>
Package pdftex.def Info: Images/p8_baldwin.jpg used on input line 728.
(pdftex.def)             Requested size: 211.3883pt x 158.54192pt.

<Images/p8_bracco.jpg, id=94, 462.528pt x 346.896pt>
File: Images/p8_bracco.jpg Graphic file (type jpg)

<use Images/p8_bracco.jpg>
Package pdftex.def Info: Images/p8_bracco.jpg used on input line 733.
(pdftex.def)             Requested size: 211.3883pt x 158.54192pt.

<Images/p8_carell.jpg, id=95, 462.528pt x 346.896pt>
File: Images/p8_carell.jpg Graphic file (type jpg)

<use Images/p8_carell.jpg>
Package pdftex.def Info: Images/p8_carell.jpg used on input line 738.
(pdftex.def)             Requested size: 211.3883pt x 158.54192pt.

<Images/p8_gilpin.jpg, id=96, 462.528pt x 346.896pt>
File: Images/p8_gilpin.jpg Graphic file (type jpg)

<use Images/p8_gilpin.jpg>
Package pdftex.def Info: Images/p8_gilpin.jpg used on input line 743.
(pdftex.def)             Requested size: 211.3883pt x 158.54192pt.
 <Images/p8_hader.jpg, id=97, 462.528pt x 346.896pt>
File: Images/p8_hader.jpg Graphic file (type jpg)

<use Images/p8_hader.jpg>
Package pdftex.def Info: Images/p8_hader.jpg used on input line 748.
(pdftex.def)             Requested size: 211.3883pt x 158.54192pt.
 <Images/p8_harmon.jpg, id=98, 462.528pt x 346.896pt>
File: Images/p8_harmon.jpg Graphic file (type jpg)

<use Images/p8_harmon.jpg>
Package pdftex.def Info: Images/p8_harmon.jpg used on input line 753.
(pdftex.def)             Requested size: 211.3883pt x 158.54192pt.
 
AED: lastpage setting LastPage
[17

 <./Images/p8_baldwin.jpg> <./Images/p8_bracco.jpg> <./Images/p8_carell.jpg> <.
/Images/p8_gilpin.jpg> <./Images/p8_hader.jpg> <./Images/p8_harmon.jpg>]
(faces.aux) ) 
Here is how much of TeX's memory you used:
 6944 strings out of 493323
 102202 string characters out of 3139066
 346306 words of memory out of 3000000
 10339 multiletter control sequences out of 15000+200000
 14883 words of font info for 56 fonts, out of 3000000 for 9000
 1141 hyphenation exceptions out of 8191
 42i,11n,69p,1840b,1841s stack positions out of 5000i,500n,10000p,200000b,50000s
{D:/Program Files/MiKTeX 2.9/fonts/enc/dvips/base/8r.enc}<D:/Progr
am Files/MiKTeX 2.9/fonts/type1/public/amsfonts/cm/cmbx10.pfb><D:/Program Files
/MiKTeX 2.9/fonts/type1/public/amsfonts/cm/cmbx12.pfb><D:/Program Files/MiKTeX 
2.9/fonts/type1/public/amsfonts/cm/cmbx9.pfb><D:/Program Files/MiKTeX 2.9/fonts
/type1/public/amsfonts/cm/cmex10.pfb><D:/Program Files/MiKTeX 2.9/fonts/type1/p
ublic/amsfonts/cm/cmmi10.pfb><D:/Program Files/MiKTeX 2.9/fonts/type1/public/am
sfonts/cm/cmmi5.pfb><D:/Program Files/MiKTeX 2.9/fonts/type1/public/amsfonts/cm
/cmmi7.pfb><D:/Program Files/MiKTeX 2.9/fonts/type1/public/amsfonts/cm/cmr10.pf
b><D:/Program Files/MiKTeX 2.9/fonts/type1/public/amsfonts/cm/cmr12.pfb><D:/Pro
gram Files/MiKTeX 2.9/fonts/type1/public/amsfonts/cm/cmr5.pfb><D:/Program Files
/MiKTeX 2.9/fonts/type1/public/amsfonts/cm/cmr7.pfb><D:/Program Files/MiKTeX 2.
9/fonts/type1/public/amsfonts/cm/cmr9.pfb><D:/Program Files/MiKTeX 2.9/fonts/ty
pe1/public/amsfonts/cm/cmsl10.pfb><D:/Program Files/MiKTeX 2.9/fonts/type1/publ
ic/amsfonts/cm/cmsy10.pfb><D:/Program Files/MiKTeX 2.9/fonts/type1/public/amsfo
nts/cm/cmsy7.pfb><D:/Program Files/MiKTeX 2.9/fonts/type1/public/amsfonts/cm/cm
ti10.pfb><D:/Program Files/MiKTeX 2.9/fonts/type1/public/amsfonts/symbols/msbm1
0.pfb><D:/Program Files/MiKTeX 2.9/fonts/type1/urw/courier/ucrr8a.pfb><D:/Progr
am Files/MiKTeX 2.9/fonts/type1/urw/courier/ucrro8a.pfb>
Output written on faces.pdf (17 pages, 4181355 bytes).
PDF statistics:
 162 PDF objects out of 1000 (max. 8388607)
 0 named destinations out of 1000 (max. 500000)
 106 words of extra memory for PDF output out of 10000 (max. 10000000)

